2021-05-30 14:22:50.514  INFO 20596 --- [restartedMain] by.steshko.LIb.WebLibApplication         : Starting WebLibApplication on DESKTOP-A2F1JJ2 with PID 20596 (D:\EpamFP\target\classes started by stesh in D:\EpamFP)
2021-05-30 14:22:50.526  INFO 20596 --- [restartedMain] by.steshko.LIb.WebLibApplication         : No active profile set, falling back to default profiles: default
2021-05-30 14:22:50.632  INFO 20596 --- [restartedMain] .e.DevToolsPropertyDefaultsPostProcessor : Devtools property defaults active! Set 'spring.devtools.add-properties' to 'false' to disable
2021-05-30 14:22:50.633  INFO 20596 --- [restartedMain] .e.DevToolsPropertyDefaultsPostProcessor : For additional web related logging consider setting the 'logging.level.web' property to 'DEBUG'
2021-05-30 14:22:51.745  INFO 20596 --- [restartedMain] .s.d.r.c.RepositoryConfigurationDelegate : Bootstrapping Spring Data JPA repositories in DEFAULT mode.
2021-05-30 14:22:51.819  INFO 20596 --- [restartedMain] .s.d.r.c.RepositoryConfigurationDelegate : Finished Spring Data repository scanning in 66ms. Found 2 JPA repository interfaces.
2021-05-30 14:22:52.108  INFO 20596 --- [restartedMain] trationDelegate$BeanPostProcessorChecker : Bean 'org.springframework.security.access.expression.method.DefaultMethodSecurityExpressionHandler@3f0a2e8e' of type [org.springframework.security.access.expression.method.DefaultMethodSecurityExpressionHandler] is not eligible for getting processed by all BeanPostProcessors (for example: not eligible for auto-proxying)
2021-05-30 14:22:52.111  INFO 20596 --- [restartedMain] trationDelegate$BeanPostProcessorChecker : Bean 'methodSecurityMetadataSource' of type [org.springframework.security.access.method.DelegatingMethodSecurityMetadataSource] is not eligible for getting processed by all BeanPostProcessors (for example: not eligible for auto-proxying)
2021-05-30 14:22:52.353  INFO 20596 --- [restartedMain] o.s.b.w.embedded.tomcat.TomcatWebServer  : Tomcat initialized with port(s): 8080 (http)
2021-05-30 14:22:52.360  INFO 20596 --- [restartedMain] o.apache.catalina.core.StandardService   : Starting service [Tomcat]
2021-05-30 14:22:52.360  INFO 20596 --- [restartedMain] org.apache.catalina.core.StandardEngine  : Starting Servlet engine: [Apache Tomcat/9.0.34]
2021-05-30 14:22:52.471  INFO 20596 --- [restartedMain] o.a.c.c.C.[Tomcat].[localhost].[/]       : Initializing Spring embedded WebApplicationContext
2021-05-30 14:22:52.472  INFO 20596 --- [restartedMain] o.s.web.context.ContextLoader            : Root WebApplicationContext: initialization completed in 1837 ms
2021-05-30 14:22:52.615  INFO 20596 --- [restartedMain] o.f.c.internal.license.VersionPrinter    : Flyway Community Edition 6.0.8 by Redgate
2021-05-30 14:22:52.618  INFO 20596 --- [restartedMain] com.zaxxer.hikari.HikariDataSource       : HikariPool-1 - Starting...
2021-05-30 14:22:54.012  INFO 20596 --- [restartedMain] com.zaxxer.hikari.HikariDataSource       : HikariPool-1 - Start completed.
2021-05-30 14:22:54.045  INFO 20596 --- [restartedMain] o.f.c.internal.database.DatabaseFactory  : Database: jdbc:mysql://localhost:3306/library (MySQL 8.0)
2021-05-30 14:22:54.290  INFO 20596 --- [restartedMain] o.f.core.internal.command.DbValidate     : Successfully validated 1 migration (execution time 00:00.059s)
2021-05-30 14:22:54.299  INFO 20596 --- [restartedMain] o.f.core.internal.command.DbMigrate      : Current version of schema `library`: 1
2021-05-30 14:22:54.301  INFO 20596 --- [restartedMain] o.f.core.internal.command.DbMigrate      : Schema `library` is up to date. No migration necessary.
2021-05-30 14:22:54.448  INFO 20596 --- [restartedMain] o.hibernate.jpa.internal.util.LogHelper  : HHH000204: Processing PersistenceUnitInfo [name: default]
2021-05-30 14:22:54.536  INFO 20596 --- [restartedMain] org.hibernate.Version                    : HHH000412: Hibernate ORM core version 5.4.15.Final
2021-05-30 14:22:54.678  INFO 20596 --- [restartedMain] o.hibernate.annotations.common.Version   : HCANN000001: Hibernate Commons Annotations {5.1.0.Final}
2021-05-30 14:22:54.815  INFO 20596 --- [restartedMain] org.hibernate.dialect.Dialect            : HHH000400: Using dialect: org.hibernate.dialect.MySQL8Dialect
2021-05-30 14:22:55.779  INFO 20596 --- [restartedMain] o.h.e.t.j.p.i.JtaPlatformInitiator       : HHH000490: Using JtaPlatform implementation: [org.hibernate.engine.transaction.jta.platform.internal.NoJtaPlatform]
2021-05-30 14:22:55.785  INFO 20596 --- [restartedMain] j.LocalContainerEntityManagerFactoryBean : Initialized JPA EntityManagerFactory for persistence unit 'default'
2021-05-30 14:22:55.856  INFO 20596 --- [restartedMain] o.s.b.d.a.OptionalLiveReloadServer       : LiveReload server is running on port 35729
2021-05-30 14:22:56.656  INFO 20596 --- [restartedMain] o.s.s.web.DefaultSecurityFilterChain     : Creating filter chain: any request, [org.springframework.security.web.context.request.async.WebAsyncManagerIntegrationFilter@11feb45f, org.springframework.security.web.context.SecurityContextPersistenceFilter@b2b7a4e, org.springframework.security.web.header.HeaderWriterFilter@7b45ceb2, org.springframework.security.web.csrf.CsrfFilter@3e92153a, org.springframework.security.web.authentication.logout.LogoutFilter@6b22585d, org.springframework.security.web.authentication.UsernamePasswordAuthenticationFilter@1984c882, org.springframework.security.web.savedrequest.RequestCacheAwareFilter@639a39cc, org.springframework.security.web.servletapi.SecurityContextHolderAwareRequestFilter@6a8a01a4, org.springframework.security.web.authentication.AnonymousAuthenticationFilter@6653ce43, org.springframework.security.web.session.SessionManagementFilter@66224996, org.springframework.security.web.access.ExceptionTranslationFilter@17ea1717, org.springframework.security.web.access.intercept.FilterSecurityInterceptor@4425a27b]
2021-05-30 14:22:56.805  INFO 20596 --- [restartedMain] o.s.s.concurrent.ThreadPoolTaskExecutor  : Initializing ExecutorService 'applicationTaskExecutor'
2021-05-30 14:22:57.312  INFO 20596 --- [restartedMain] o.s.b.w.embedded.tomcat.TomcatWebServer  : Tomcat started on port(s): 8080 (http) with context path ''
2021-05-30 14:22:57.314  INFO 20596 --- [restartedMain] by.steshko.LIb.WebLibApplication         : Started WebLibApplication in 7.35 seconds (JVM running for 9.068)
2021-05-30 14:23:31.984  INFO 20596 --- [http-nio-8080-exec-1] o.a.c.c.C.[Tomcat].[localhost].[/]       : Initializing Spring DispatcherServlet 'dispatcherServlet'
2021-05-30 14:23:31.986  INFO 20596 --- [http-nio-8080-exec-1] o.s.web.servlet.DispatcherServlet        : Initializing Servlet 'dispatcherServlet'
2021-05-30 14:23:31.993  INFO 20596 --- [http-nio-8080-exec-1] o.s.web.servlet.DispatcherServlet        : Completed initialization in 7 ms
2021-05-30 14:23:33.437  WARN 20596 --- [http-nio-8080-exec-4] o.a.c.util.SessionIdGeneratorBase        : Creation of SecureRandom instance for session ID generation using [SHA1PRNG] took [189] milliseconds.
2021-05-30 19:29:19.929  INFO 1964 --- [restartedMain] by.steshko.LIb.WebLibApplication         : Starting WebLibApplication on DESKTOP-A2F1JJ2 with PID 1964 (D:\EpamFP\target\classes started by stesh in D:\EpamFP)
2021-05-30 19:29:19.949  INFO 1964 --- [restartedMain] by.steshko.LIb.WebLibApplication         : No active profile set, falling back to default profiles: default
2021-05-30 19:29:20.112  INFO 1964 --- [restartedMain] .e.DevToolsPropertyDefaultsPostProcessor : Devtools property defaults active! Set 'spring.devtools.add-properties' to 'false' to disable
2021-05-30 19:29:20.113  INFO 1964 --- [restartedMain] .e.DevToolsPropertyDefaultsPostProcessor : For additional web related logging consider setting the 'logging.level.web' property to 'DEBUG'
2021-05-30 19:29:21.090  INFO 1964 --- [restartedMain] .s.d.r.c.RepositoryConfigurationDelegate : Bootstrapping Spring Data JPA repositories in DEFAULT mode.
2021-05-30 19:29:21.208  INFO 1964 --- [restartedMain] .s.d.r.c.RepositoryConfigurationDelegate : Finished Spring Data repository scanning in 105ms. Found 2 JPA repository interfaces.
2021-05-30 19:29:21.680  INFO 1964 --- [restartedMain] trationDelegate$BeanPostProcessorChecker : Bean 'org.springframework.security.access.expression.method.DefaultMethodSecurityExpressionHandler@539c9c6d' of type [org.springframework.security.access.expression.method.DefaultMethodSecurityExpressionHandler] is not eligible for getting processed by all BeanPostProcessors (for example: not eligible for auto-proxying)
2021-05-30 19:29:21.683  INFO 1964 --- [restartedMain] trationDelegate$BeanPostProcessorChecker : Bean 'methodSecurityMetadataSource' of type [org.springframework.security.access.method.DelegatingMethodSecurityMetadataSource] is not eligible for getting processed by all BeanPostProcessors (for example: not eligible for auto-proxying)
2021-05-30 19:29:22.172  INFO 1964 --- [restartedMain] o.s.b.w.embedded.tomcat.TomcatWebServer  : Tomcat initialized with port(s): 8080 (http)
2021-05-30 19:29:22.182  INFO 1964 --- [restartedMain] o.apache.catalina.core.StandardService   : Starting service [Tomcat]
2021-05-30 19:29:22.183  INFO 1964 --- [restartedMain] org.apache.catalina.core.StandardEngine  : Starting Servlet engine: [Apache Tomcat/9.0.34]
2021-05-30 19:29:22.313  INFO 1964 --- [restartedMain] o.a.c.c.C.[Tomcat].[localhost].[/]       : Initializing Spring embedded WebApplicationContext
2021-05-30 19:29:22.313  INFO 1964 --- [restartedMain] o.s.web.context.ContextLoader            : Root WebApplicationContext: initialization completed in 2200 ms
2021-05-30 19:29:22.527  INFO 1964 --- [restartedMain] o.f.c.internal.license.VersionPrinter    : Flyway Community Edition 6.0.8 by Redgate
2021-05-30 19:29:22.536  INFO 1964 --- [restartedMain] com.zaxxer.hikari.HikariDataSource       : HikariPool-1 - Starting...
2021-05-30 19:29:25.330  INFO 1964 --- [restartedMain] com.zaxxer.hikari.HikariDataSource       : HikariPool-1 - Start completed.
2021-05-30 19:29:25.361  INFO 1964 --- [restartedMain] o.f.c.internal.database.DatabaseFactory  : Database: jdbc:mysql://localhost:3306/library (MySQL 8.0)
2021-05-30 19:29:25.829  INFO 1964 --- [restartedMain] o.f.core.internal.command.DbValidate     : Successfully validated 1 migration (execution time 00:00.168s)
2021-05-30 19:29:25.838  INFO 1964 --- [restartedMain] o.f.core.internal.command.DbMigrate      : Current version of schema `library`: 1
2021-05-30 19:29:25.839  INFO 1964 --- [restartedMain] o.f.core.internal.command.DbMigrate      : Schema `library` is up to date. No migration necessary.
2021-05-30 19:29:26.220  INFO 1964 --- [restartedMain] o.hibernate.jpa.internal.util.LogHelper  : HHH000204: Processing PersistenceUnitInfo [name: default]
2021-05-30 19:29:26.489  INFO 1964 --- [restartedMain] org.hibernate.Version                    : HHH000412: Hibernate ORM core version 5.4.15.Final
2021-05-30 19:29:27.120  INFO 1964 --- [restartedMain] o.hibernate.annotations.common.Version   : HCANN000001: Hibernate Commons Annotations {5.1.0.Final}
2021-05-30 19:29:27.619  INFO 1964 --- [restartedMain] org.hibernate.dialect.Dialect            : HHH000400: Using dialect: org.hibernate.dialect.MySQL8Dialect
2021-05-30 19:29:29.075  INFO 1964 --- [restartedMain] o.h.e.t.j.p.i.JtaPlatformInitiator       : HHH000490: Using JtaPlatform implementation: [org.hibernate.engine.transaction.jta.platform.internal.NoJtaPlatform]
2021-05-30 19:29:29.080  INFO 1964 --- [restartedMain] j.LocalContainerEntityManagerFactoryBean : Initialized JPA EntityManagerFactory for persistence unit 'default'
2021-05-30 19:29:29.175  INFO 1964 --- [restartedMain] o.s.b.d.a.OptionalLiveReloadServer       : LiveReload server is running on port 35729
2021-05-30 19:29:30.118  INFO 1964 --- [restartedMain] o.s.s.web.DefaultSecurityFilterChain     : Creating filter chain: any request, [org.springframework.security.web.context.request.async.WebAsyncManagerIntegrationFilter@539dfe14, org.springframework.security.web.context.SecurityContextPersistenceFilter@2bd2ef04, org.springframework.security.web.header.HeaderWriterFilter@46d68e3c, org.springframework.security.web.csrf.CsrfFilter@7576519b, org.springframework.security.web.authentication.logout.LogoutFilter@c1e2d21, org.springframework.security.web.authentication.UsernamePasswordAuthenticationFilter@7c9b917d, org.springframework.security.web.savedrequest.RequestCacheAwareFilter@27097e24, org.springframework.security.web.servletapi.SecurityContextHolderAwareRequestFilter@7dee22b8, org.springframework.security.web.authentication.AnonymousAuthenticationFilter@6eed856e, org.springframework.security.web.session.SessionManagementFilter@17e92e51, org.springframework.security.web.access.ExceptionTranslationFilter@4eba7aa6, org.springframework.security.web.access.intercept.FilterSecurityInterceptor@5ffac4fa]
2021-05-30 19:29:30.220  INFO 1964 --- [restartedMain] o.s.s.concurrent.ThreadPoolTaskExecutor  : Initializing ExecutorService 'applicationTaskExecutor'
2021-05-30 19:29:31.169  INFO 1964 --- [restartedMain] o.s.b.w.embedded.tomcat.TomcatWebServer  : Tomcat started on port(s): 8080 (http) with context path ''
2021-05-30 19:29:31.172  INFO 1964 --- [restartedMain] by.steshko.LIb.WebLibApplication         : Started WebLibApplication in 12.578 seconds (JVM running for 19.267)
2021-05-30 19:29:43.334  INFO 1964 --- [http-nio-8080-exec-1] o.a.c.c.C.[Tomcat].[localhost].[/]       : Initializing Spring DispatcherServlet 'dispatcherServlet'
2021-05-30 19:29:43.336  INFO 1964 --- [http-nio-8080-exec-1] o.s.web.servlet.DispatcherServlet        : Initializing Servlet 'dispatcherServlet'
2021-05-30 19:29:43.343  INFO 1964 --- [http-nio-8080-exec-1] o.s.web.servlet.DispatcherServlet        : Completed initialization in 7 ms
2021-05-30 19:29:47.991  WARN 1964 --- [http-nio-8080-exec-6] o.a.c.util.SessionIdGeneratorBase        : Creation of SecureRandom instance for session ID generation using [SHA1PRNG] took [183] milliseconds.
2021-05-30 20:54:27.345  INFO 19072 --- [restartedMain] by.steshko.LIb.WebLibApplication         : Starting WebLibApplication on DESKTOP-A2F1JJ2 with PID 19072 (D:\EpamFP\target\classes started by stesh in D:\EpamFP)
2021-05-30 20:54:27.358  INFO 19072 --- [restartedMain] by.steshko.LIb.WebLibApplication         : No active profile set, falling back to default profiles: default
2021-05-30 20:54:27.403  INFO 19072 --- [restartedMain] .e.DevToolsPropertyDefaultsPostProcessor : Devtools property defaults active! Set 'spring.devtools.add-properties' to 'false' to disable
2021-05-30 20:54:27.404  INFO 19072 --- [restartedMain] .e.DevToolsPropertyDefaultsPostProcessor : For additional web related logging consider setting the 'logging.level.web' property to 'DEBUG'
2021-05-30 20:54:28.162  INFO 19072 --- [restartedMain] .s.d.r.c.RepositoryConfigurationDelegate : Bootstrapping Spring Data JPA repositories in DEFAULT mode.
2021-05-30 20:54:28.235  INFO 19072 --- [restartedMain] .s.d.r.c.RepositoryConfigurationDelegate : Finished Spring Data repository scanning in 67ms. Found 2 JPA repository interfaces.
2021-05-30 20:54:28.577  INFO 19072 --- [restartedMain] trationDelegate$BeanPostProcessorChecker : Bean 'org.springframework.security.access.expression.method.DefaultMethodSecurityExpressionHandler@5991f585' of type [org.springframework.security.access.expression.method.DefaultMethodSecurityExpressionHandler] is not eligible for getting processed by all BeanPostProcessors (for example: not eligible for auto-proxying)
2021-05-30 20:54:28.580  INFO 19072 --- [restartedMain] trationDelegate$BeanPostProcessorChecker : Bean 'methodSecurityMetadataSource' of type [org.springframework.security.access.method.DelegatingMethodSecurityMetadataSource] is not eligible for getting processed by all BeanPostProcessors (for example: not eligible for auto-proxying)
2021-05-30 20:54:28.955  INFO 19072 --- [restartedMain] o.s.b.w.embedded.tomcat.TomcatWebServer  : Tomcat initialized with port(s): 8080 (http)
2021-05-30 20:54:28.963  INFO 19072 --- [restartedMain] o.apache.catalina.core.StandardService   : Starting service [Tomcat]
2021-05-30 20:54:28.964  INFO 19072 --- [restartedMain] org.apache.catalina.core.StandardEngine  : Starting Servlet engine: [Apache Tomcat/9.0.34]
2021-05-30 20:54:29.065  INFO 19072 --- [restartedMain] o.a.c.c.C.[Tomcat].[localhost].[/]       : Initializing Spring embedded WebApplicationContext
2021-05-30 20:54:29.066  INFO 19072 --- [restartedMain] o.s.web.context.ContextLoader            : Root WebApplicationContext: initialization completed in 1662 ms
2021-05-30 20:54:29.160  INFO 19072 --- [restartedMain] o.f.c.internal.license.VersionPrinter    : Flyway Community Edition 6.0.8 by Redgate
2021-05-30 20:54:29.165  INFO 19072 --- [restartedMain] com.zaxxer.hikari.HikariDataSource       : HikariPool-1 - Starting...
2021-05-30 20:54:29.891  INFO 19072 --- [restartedMain] com.zaxxer.hikari.HikariDataSource       : HikariPool-1 - Start completed.
2021-05-30 20:54:29.920  INFO 19072 --- [restartedMain] o.f.c.internal.database.DatabaseFactory  : Database: jdbc:mysql://localhost:3306/library (MySQL 8.0)
2021-05-30 20:54:30.427  INFO 19072 --- [restartedMain] o.f.core.internal.command.DbValidate     : Successfully validated 1 migration (execution time 00:00.299s)
2021-05-30 20:54:30.436  INFO 19072 --- [restartedMain] o.f.core.internal.command.DbMigrate      : Current version of schema `library`: 1
2021-05-30 20:54:30.437  INFO 19072 --- [restartedMain] o.f.core.internal.command.DbMigrate      : Schema `library` is up to date. No migration necessary.
2021-05-30 20:54:30.508  INFO 19072 --- [restartedMain] o.hibernate.jpa.internal.util.LogHelper  : HHH000204: Processing PersistenceUnitInfo [name: default]
2021-05-30 20:54:30.560  INFO 19072 --- [restartedMain] org.hibernate.Version                    : HHH000412: Hibernate ORM core version 5.4.15.Final
2021-05-30 20:54:30.765  INFO 19072 --- [restartedMain] o.hibernate.annotations.common.Version   : HCANN000001: Hibernate Commons Annotations {5.1.0.Final}
2021-05-30 20:54:30.868  INFO 19072 --- [restartedMain] org.hibernate.dialect.Dialect            : HHH000400: Using dialect: org.hibernate.dialect.MySQL8Dialect
2021-05-30 20:54:32.058  INFO 19072 --- [restartedMain] o.h.e.t.j.p.i.JtaPlatformInitiator       : HHH000490: Using JtaPlatform implementation: [org.hibernate.engine.transaction.jta.platform.internal.NoJtaPlatform]
2021-05-30 20:54:32.062  INFO 19072 --- [restartedMain] j.LocalContainerEntityManagerFactoryBean : Initialized JPA EntityManagerFactory for persistence unit 'default'
2021-05-30 20:54:32.090  INFO 19072 --- [restartedMain] o.s.b.d.a.OptionalLiveReloadServer       : LiveReload server is running on port 35729
2021-05-30 20:54:32.493  INFO 19072 --- [restartedMain] o.s.s.web.DefaultSecurityFilterChain     : Creating filter chain: any request, [org.springframework.security.web.context.request.async.WebAsyncManagerIntegrationFilter@369b62f2, org.springframework.security.web.context.SecurityContextPersistenceFilter@316d3ef, org.springframework.security.web.header.HeaderWriterFilter@6147884, org.springframework.security.web.csrf.CsrfFilter@2a7751f3, org.springframework.security.web.authentication.logout.LogoutFilter@44e7ed7e, org.springframework.security.web.authentication.UsernamePasswordAuthenticationFilter@50a9a755, org.springframework.security.web.savedrequest.RequestCacheAwareFilter@69150971, org.springframework.security.web.servletapi.SecurityContextHolderAwareRequestFilter@410fd8db, org.springframework.security.web.authentication.AnonymousAuthenticationFilter@24f2d870, org.springframework.security.web.session.SessionManagementFilter@2aebf000, org.springframework.security.web.access.ExceptionTranslationFilter@57d86c61, org.springframework.security.web.access.intercept.FilterSecurityInterceptor@1b5a5cb0]
2021-05-30 20:54:32.581  INFO 19072 --- [restartedMain] o.s.s.concurrent.ThreadPoolTaskExecutor  : Initializing ExecutorService 'applicationTaskExecutor'
2021-05-30 20:54:32.977  INFO 19072 --- [restartedMain] o.s.b.w.embedded.tomcat.TomcatWebServer  : Tomcat started on port(s): 8080 (http) with context path ''
2021-05-30 20:54:32.978  INFO 19072 --- [restartedMain] by.steshko.LIb.WebLibApplication         : Started WebLibApplication in 6.0 seconds (JVM running for 7.925)
2021-05-30 20:54:39.187  INFO 19072 --- [http-nio-8080-exec-1] o.a.c.c.C.[Tomcat].[localhost].[/]       : Initializing Spring DispatcherServlet 'dispatcherServlet'
2021-05-30 20:54:39.188  INFO 19072 --- [http-nio-8080-exec-1] o.s.web.servlet.DispatcherServlet        : Initializing Servlet 'dispatcherServlet'
2021-05-30 20:54:39.196  INFO 19072 --- [http-nio-8080-exec-1] o.s.web.servlet.DispatcherServlet        : Completed initialization in 8 ms
2021-05-30 20:54:41.153  WARN 19072 --- [http-nio-8080-exec-4] o.a.c.util.SessionIdGeneratorBase        : Creation of SecureRandom instance for session ID generation using [SHA1PRNG] took [212] milliseconds.
